# JRE version: OpenJDK Runtime Environment (8.0_76-b03) (build 1.8.0_76-release-b03)
# Java VM: OpenJDK 64-Bit Server VM (25.76-b03 mixed mode windows-amd64 compressed oops)
Heap:
 PSYoungGen      total 330240K, used 273691K [0x00000000e0000000, 0x00000000f7780000, 0x0000000100000000)
  eden space 293376K, 93% used [0x00000000e0000000,0x00000000f0b46c60,0x00000000f1e80000)
  from space 36864K, 0% used [0x00000000f1e80000,0x00000000f1e80000,0x00000000f4280000)
  to   space 41984K, 0% used [0x00000000f4e80000,0x00000000f4e80000,0x00000000f7780000)
 ParOldGen       total 166400K, used 52284K [0x00000000a0000000, 0x00000000aa280000, 0x00000000e0000000)
  object space 166400K, 31% used [0x00000000a0000000,0x00000000a330f298,0x00000000aa280000)
 Metaspace       used 73788K, capacity 77652K, committed 80768K, reserved 1118208K
  class space    used 9589K, capacity 10395K, committed 11136K, reserved 1048576K
GC Heap History (10 events):
Event: 32.919 GC heap before
{Heap before GC invocations=18 (full 4):
 PSYoungGen      total 244736K, used 235140K [0x00000000e0000000, 0x00000000f3b00000, 0x0000000100000000)
  eden space 218112K, 100% used [0x00000000e0000000,0x00000000ed500000,0x00000000ed500000)
  from space 26624K, 63% used [0x00000000ed500000,0x00000000ee5a1200,0x00000000eef00000)
  to   space 27136K, 0% used [0x00000000f2080000,0x00000000f2080000,0x00000000f3b00000)
 ParOldGen       total 166400K, used 50713K [0x00000000a0000000, 0x00000000aa280000, 0x00000000e0000000)
  object space 166400K, 30% used [0x00000000a0000000,0x00000000a31866c0,0x00000000aa280000)
 Metaspace       used 61902K, capacity 65126K, committed 65280K, reserved 1105920K
  class space    used 8174K, capacity 8902K, committed 8960K, reserved 1048576K
Event: 32.932 GC heap after
Heap after GC invocations=18 (full 4):
 PSYoungGen      total 280064K, used 17431K [0x00000000e0000000, 0x00000000f3400000, 0x0000000100000000)
  eden space 260096K, 0% used [0x00000000e0000000,0x00000000e0000000,0x00000000efe00000)
  from space 19968K, 87% used [0x00000000f2080000,0x00000000f3185c88,0x00000000f3400000)
  to   space 27648K, 0% used [0x00000000efe00000,0x00000000efe00000,0x00000000f1900000)
 ParOldGen       total 166400K, used 50721K [0x00000000a0000000, 0x00000000aa280000, 0x00000000e0000000)
  object space 166400K, 30% used [0x00000000a0000000,0x00000000a31886c0,0x00000000aa280000)
 Metaspace       used 61902K, capacity 65126K, committed 65280K, reserved 1105920K
  class space    used 8174K, capacity 8902K, committed 8960K, reserved 1048576K
}
Event: 2029.655 GC heap before
{Heap before GC invocations=19 (full 4):
 PSYoungGen      total 280064K, used 277527K [0x00000000e0000000, 0x00000000f3400000, 0x0000000100000000)
  eden space 260096K, 100% used [0x00000000e0000000,0x00000000efe00000,0x00000000efe00000)
  from space 19968K, 87% used [0x00000000f2080000,0x00000000f3185c88,0x00000000f3400000)
  to   space 27648K, 0% used [0x00000000efe00000,0x00000000efe00000,0x00000000f1900000)
 ParOldGen       total 166400K, used 50721K [0x00000000a0000000, 0x00000000aa280000, 0x00000000e0000000)
  object space 166400K, 30% used [0x00000000a0000000,0x00000000a31886c0,0x00000000aa280000)
 Metaspace       used 63840K, capacity 67990K, committed 68224K, reserved 1107968K
  class space    used 8440K, capacity 9332K, committed 9344K, reserved 1048576K
Event: 2029.673 GC heap after
Heap after GC invocations=19 (full 4):
 PSYoungGen      total 287744K, used 20774K [0x00000000e0000000, 0x00000000f5f00000, 0x0000000100000000)
  eden space 260096K, 0% used [0x00000000e0000000,0x00000000e0000000,0x00000000efe00000)
  from space 27648K, 75% used [0x00000000efe00000,0x00000000f1249a00,0x00000000f1900000)
  to   space 29184K, 0% used [0x00000000f4280000,0x00000000f4280000,0x00000000f5f00000)
 ParOldGen       total 166400K, used 50729K [0x00000000a0000000, 0x00000000aa280000, 0x00000000e0000000)
  object space 166400K, 30% used [0x00000000a0000000,0x00000000a318a6c0,0x00000000aa280000)
 Metaspace       used 63840K, capacity 67990K, committed 68224K, reserved 1107968K
  class space    used 8440K, capacity 9332K, committed 9344K, reserved 1048576K
}
Event: 2031.716 GC heap before
{Heap before GC invocations=20 (full 4):
 PSYoungGen      total 287744K, used 280870K [0x00000000e0000000, 0x00000000f5f00000, 0x0000000100000000)
  eden space 260096K, 100% used [0x00000000e0000000,0x00000000efe00000,0x00000000efe00000)
  from space 27648K, 75% used [0x00000000efe00000,0x00000000f1249a00,0x00000000f1900000)
  to   space 29184K, 0% used [0x00000000f4280000,0x00000000f4280000,0x00000000f5f00000)
 ParOldGen       total 166400K, used 50729K [0x00000000a0000000, 0x00000000aa280000, 0x00000000e0000000)
  object space 166400K, 30% used [0x00000000a0000000,0x00000000a318a6c0,0x00000000aa280000)
 Metaspace       used 71434K, capacity 76054K, committed 76288K, reserved 1116160K
  class space    used 9471K, capacity 10453K, committed 10496K, reserved 1048576K
Event: 2031.743 GC heap after
Heap after GC invocations=20 (full 4):
 PSYoungGen      total 322560K, used 29167K [0x00000000e0000000, 0x00000000f6d80000, 0x0000000100000000)
  eden space 293376K, 0% used [0x00000000e0000000,0x00000000e0000000,0x00000000f1e80000)
  from space 29184K, 99% used [0x00000000f4280000,0x00000000f5efbcf0,0x00000000f5f00000)
  to   space 36864K, 0% used [0x00000000f1e80000,0x00000000f1e80000,0x00000000f4280000)
 ParOldGen       total 166400K, used 59939K [0x00000000a0000000, 0x00000000aa280000, 0x00000000e0000000)
  object space 166400K, 36% used [0x00000000a0000000,0x00000000a3a88e98,0x00000000aa280000)
 Metaspace       used 71434K, capacity 76054K, committed 76288K, reserved 1116160K
  class space    used 9471K, capacity 10453K, committed 10496K, reserved 1048576K
}
Event: 2032.407 GC heap before
{Heap before GC invocations=21 (full 4):
 PSYoungGen      total 322560K, used 120779K [0x00000000e0000000, 0x00000000f6d80000, 0x0000000100000000)
  eden space 293376K, 31% used [0x00000000e0000000,0x00000000e59771b0,0x00000000f1e80000)
  from space 29184K, 99% used [0x00000000f4280000,0x00000000f5efbcf0,0x00000000f5f00000)
  to   space 36864K, 0% used [0x00000000f1e80000,0x00000000f1e80000,0x00000000f4280000)
 ParOldGen       total 166400K, used 59939K [0x00000000a0000000, 0x00000000aa280000, 0x00000000e0000000)
  object space 166400K, 36% used [0x00000000a0000000,0x00000000a3a88e98,0x00000000aa280000)
 Metaspace       used 75506K, capacity 80492K, committed 80768K, reserved 1118208K
  class space    used 9976K, capacity 11075K, committed 11136K, reserved 1048576K
Event: 2032.431 GC heap after
Heap after GC invocations=21 (full 4):
 PSYoungGen      total 330240K, used 35241K [0x00000000e0000000, 0x00000000f7780000, 0x0000000100000000)
  eden space 293376K, 0% used [0x00000000e0000000,0x00000000e0000000,0x00000000f1e80000)
  from space 36864K, 95% used [0x00000000f1e80000,0x00000000f40ea480,0x00000000f4280000)
  to   space 41984K, 0% used [0x00000000f4e80000,0x00000000f4e80000,0x00000000f7780000)
 ParOldGen       total 166400K, used 59947K [0x00000000a0000000, 0x00000000aa280000, 0x00000000e0000000)
  object space 166400K, 36% used [0x00000000a0000000,0x00000000a3a8ae98,0x00000000aa280000)
 Metaspace       used 75506K, capacity 80492K, committed 80768K, reserved 1118208K
  class space    used 9976K, capacity 11075K, committed 11136K, reserved 1048576K
}
Event: 2032.431 GC heap before
{Heap before GC invocations=22 (full 5):
 PSYoungGen      total 330240K, used 35241K [0x00000000e0000000, 0x00000000f7780000, 0x0000000100000000)
  eden space 293376K, 0% used [0x00000000e0000000,0x00000000e0000000,0x00000000f1e80000)
  from space 36864K, 95% used [0x00000000f1e80000,0x00000000f40ea480,0x00000000f4280000)
  to   space 41984K, 0% used [0x00000000f4e80000,0x00000000f4e80000,0x00000000f7780000)
 ParOldGen       total 166400K, used 59947K [0x00000000a0000000, 0x00000000aa280000, 0x00000000e0000000)
  object space 166400K, 36% used [0x00000000a0000000,0x00000000a3a8ae98,0x00000000aa280000)
 Metaspace       used 75506K, capacity 80492K, committed 80768K, reserved 1118208K
  class space    used 9976K, capacity 11075K, committed 11136K, reserved 1048576K
Event: 2032.751 GC heap after
Heap after GC invocations=22 (full 5):
 PSYoungGen      total 330240K, used 0K [0x00000000e0000000, 0x00000000f7780000, 0x0000000100000000)
  eden space 293376K, 0% used [0x00000000e0000000,0x00000000e0000000,0x00000000f1e80000)
  from space 36864K, 0% used [0x00000000f1e80000,0x00000000f1e80000,0x00000000f4280000)
  to   space 41984K, 0% used [0x00000000f4e80000,0x00000000f4e80000,0x00000000f7780000)
 ParOldGen       total 166400K, used 52284K [0x00000000a0000000, 0x00000000aa280000, 0x00000000e0000000)
  object space 166400K, 31% used [0x00000000a0000000,0x00000000a330f298,0x00000000aa280000)
 Metaspace       used 72947K, capacity 76440K, committed 80768K, reserved 1118208K
  class space    used 9506K, capacity 10265K, committed 11136K, reserved 1048576K
}

