# JRE version: OpenJDK Runtime Environment (8.0_76-b03) (build 1.8.0_76-release-b03)
# Java VM: OpenJDK 64-Bit Server VM (25.76-b03 mixed mode windows-amd64 compressed oops)
Heap:
 PSYoungGen      total 329216K, used 311207K [0x00000000e0000000, 0x00000000fae00000, 0x0000000100000000)
  eden space 265216K, 93% used [0x00000000e0000000,0x00000000ef170798,0x00000000f0300000)
  from space 64000K, 99% used [0x00000000f4c80000,0x00000000f8af94c0,0x00000000f8b00000)
  to   space 75264K, 0% used [0x00000000f0300000,0x00000000f0300000,0x00000000f4c80000)
 ParOldGen       total 1048576K, used 69944K [0x00000000a0000000, 0x00000000e0000000, 0x00000000e0000000)
  object space 1048576K, 6% used [0x00000000a0000000,0x00000000a444e0f0,0x00000000e0000000)
 Metaspace       used 84052K, capacity 92950K, committed 99248K, reserved 1136640K
  class space    used 10764K, capacity 11662K, committed 12976K, reserved 1048576K
GC Heap History (10 events):
Event: 8255.862 GC heap before
{Heap before GC invocations=716 (full 41):
 PSYoungGen      total 358912K, used 295244K [0x00000000e0000000, 0x00000000fa480000, 0x0000000100000000)
  eden space 285696K, 100% used [0x00000000e0000000,0x00000000f1700000,0x00000000f1700000)
  from space 73216K, 13% used [0x00000000f1700000,0x00000000f2053148,0x00000000f5e80000)
  to   space 71680K, 0% used [0x00000000f5e80000,0x00000000f5e80000,0x00000000fa480000)
 ParOldGen       total 1048576K, used 67607K [0x00000000a0000000, 0x00000000e0000000, 0x00000000e0000000)
  object space 1048576K, 6% used [0x00000000a0000000,0x00000000a4205f00,0x00000000e0000000)
 Metaspace       used 74212K, capacity 82862K, committed 90416K, reserved 1126400K
  class space    used 9679K, capacity 10552K, committed 12848K, reserved 1048576K
Event: 8255.891 GC heap after
Heap after GC invocations=716 (full 41):
 PSYoungGen      total 339456K, used 19123K [0x00000000e0000000, 0x00000000f9700000, 0x0000000100000000)
  eden space 281600K, 0% used [0x00000000e0000000,0x00000000e0000000,0x00000000f1300000)
  from space 57856K, 33% used [0x00000000f5e80000,0x00000000f712cdf8,0x00000000f9700000)
  to   space 67584K, 0% used [0x00000000f1300000,0x00000000f1300000,0x00000000f5500000)
 ParOldGen       total 1048576K, used 67615K [0x00000000a0000000, 0x00000000e0000000, 0x00000000e0000000)
  object space 1048576K, 6% used [0x00000000a0000000,0x00000000a4207f00,0x00000000e0000000)
 Metaspace       used 74212K, capacity 82862K, committed 90416K, reserved 1126400K
  class space    used 9679K, capacity 10552K, committed 12848K, reserved 1048576K
}
Event: 8260.122 GC heap before
{Heap before GC invocations=717 (full 41):
 PSYoungGen      total 339456K, used 300723K [0x00000000e0000000, 0x00000000f9700000, 0x0000000100000000)
  eden space 281600K, 100% used [0x00000000e0000000,0x00000000f1300000,0x00000000f1300000)
  from space 57856K, 33% used [0x00000000f5e80000,0x00000000f712cdf8,0x00000000f9700000)
  to   space 67584K, 0% used [0x00000000f1300000,0x00000000f1300000,0x00000000f5500000)
 ParOldGen       total 1048576K, used 67615K [0x00000000a0000000, 0x00000000e0000000, 0x00000000e0000000)
  object space 1048576K, 6% used [0x00000000a0000000,0x00000000a4207f00,0x00000000e0000000)
 Metaspace       used 79420K, capacity 88084K, committed 95024K, reserved 1132544K
  class space    used 10298K, capacity 11161K, committed 12848K, reserved 1048576K
Event: 8260.137 GC heap after
Heap after GC invocations=717 (full 41):
 PSYoungGen      total 297472K, used 19489K [0x00000000e0000000, 0x00000000f8c00000, 0x0000000100000000)
  eden space 277504K, 0% used [0x00000000e0000000,0x00000000e0000000,0x00000000f0f00000)
  from space 19968K, 97% used [0x00000000f1300000,0x00000000f26087a0,0x00000000f2680000)
  to   space 64000K, 0% used [0x00000000f4d80000,0x00000000f4d80000,0x00000000f8c00000)
 ParOldGen       total 1048576K, used 67631K [0x00000000a0000000, 0x00000000e0000000, 0x00000000e0000000)
  object space 1048576K, 6% used [0x00000000a0000000,0x00000000a420bf00,0x00000000e0000000)
 Metaspace       used 79420K, capacity 88084K, committed 95024K, reserved 1132544K
  class space    used 10298K, capacity 11161K, committed 12848K, reserved 1048576K
}
Event: 8276.708 GC heap before
{Heap before GC invocations=718 (full 41):
 PSYoungGen      total 297472K, used 296571K [0x00000000e0000000, 0x00000000f8c00000, 0x0000000100000000)
  eden space 277504K, 99% used [0x00000000e0000000,0x00000000f0e967c8,0x00000000f0f00000)
  from space 19968K, 97% used [0x00000000f1300000,0x00000000f26087a0,0x00000000f2680000)
  to   space 64000K, 0% used [0x00000000f4d80000,0x00000000f4d80000,0x00000000f8c00000)
 ParOldGen       total 1048576K, used 67631K [0x00000000a0000000, 0x00000000e0000000, 0x00000000e0000000)
  object space 1048576K, 6% used [0x00000000a0000000,0x00000000a420bf00,0x00000000e0000000)
 Metaspace       used 80156K, capacity 88910K, committed 95536K, reserved 1132544K
  class space    used 10413K, capacity 11294K, committed 12848K, reserved 1048576K
Event: 8276.728 GC heap after
Heap after GC invocations=718 (full 41):
 PSYoungGen      total 327168K, used 21535K [0x00000000e0000000, 0x00000000f8180000, 0x0000000100000000)
  eden space 273920K, 0% used [0x00000000e0000000,0x00000000e0000000,0x00000000f0b80000)
  from space 53248K, 40% used [0x00000000f4d80000,0x00000000f6287ca0,0x00000000f8180000)
  to   space 60416K, 0% used [0x00000000f0b80000,0x00000000f0b80000,0x00000000f4680000)
 ParOldGen       total 1048576K, used 67639K [0x00000000a0000000, 0x00000000e0000000, 0x00000000e0000000)
  object space 1048576K, 6% used [0x00000000a0000000,0x00000000a420df00,0x00000000e0000000)
 Metaspace       used 80156K, capacity 88910K, committed 95536K, reserved 1132544K
  class space    used 10413K, capacity 11294K, committed 12848K, reserved 1048576K
}
Event: 8278.173 GC heap before
{Heap before GC invocations=719 (full 41):
 PSYoungGen      total 327168K, used 295455K [0x00000000e0000000, 0x00000000f8180000, 0x0000000100000000)
  eden space 273920K, 100% used [0x00000000e0000000,0x00000000f0b80000,0x00000000f0b80000)
  from space 53248K, 40% used [0x00000000f4d80000,0x00000000f6287ca0,0x00000000f8180000)
  to   space 60416K, 0% used [0x00000000f0b80000,0x00000000f0b80000,0x00000000f4680000)
 ParOldGen       total 1048576K, used 67639K [0x00000000a0000000, 0x00000000e0000000, 0x00000000e0000000)
  object space 1048576K, 6% used [0x00000000a0000000,0x00000000a420df00,0x00000000e0000000)
 Metaspace       used 83537K, capacity 92438K, committed 98736K, reserved 1134592K
  class space    used 10761K, capacity 11662K, committed 12976K, reserved 1048576K
Event: 8278.208 GC heap after
Heap after GC invocations=719 (full 41):
 PSYoungGen      total 334336K, used 43466K [0x00000000e0000000, 0x00000000f8b00000, 0x0000000100000000)
  eden space 273920K, 0% used [0x00000000e0000000,0x00000000e0000000,0x00000000f0b80000)
  from space 60416K, 71% used [0x00000000f0b80000,0x00000000f35f2b60,0x00000000f4680000)
  to   space 64000K, 0% used [0x00000000f4c80000,0x00000000f4c80000,0x00000000f8b00000)
 ParOldGen       total 1048576K, used 67647K [0x00000000a0000000, 0x00000000e0000000, 0x00000000e0000000)
  object space 1048576K, 6% used [0x00000000a0000000,0x00000000a420ff00,0x00000000e0000000)
 Metaspace       used 83537K, capacity 92438K, committed 98736K, reserved 1134592K
  class space    used 10761K, capacity 11662K, committed 12976K, reserved 1048576K
}
Event: 8278.545 GC heap before
{Heap before GC invocations=720 (full 41):
 PSYoungGen      total 334336K, used 317386K [0x00000000e0000000, 0x00000000f8b00000, 0x0000000100000000)
  eden space 273920K, 100% used [0x00000000e0000000,0x00000000f0b80000,0x00000000f0b80000)
  from space 60416K, 71% used [0x00000000f0b80000,0x00000000f35f2b60,0x00000000f4680000)
  to   space 64000K, 0% used [0x00000000f4c80000,0x00000000f4c80000,0x00000000f8b00000)
 ParOldGen       total 1048576K, used 67647K [0x00000000a0000000, 0x00000000e0000000, 0x00000000e0000000)
  object space 1048576K, 6% used [0x00000000a0000000,0x00000000a420ff00,0x00000000e0000000)
 Metaspace       used 83719K, capacity 92630K, committed 98992K, reserved 1134592K
  class space    used 10764K, capacity 11662K, committed 12976K, reserved 1048576K
Event: 8278.652 GC heap after
Heap after GC invocations=720 (full 41):
 PSYoungGen      total 329216K, used 63973K [0x00000000e0000000, 0x00000000fae00000, 0x0000000100000000)
  eden space 265216K, 0% used [0x00000000e0000000,0x00000000e0000000,0x00000000f0300000)
  from space 64000K, 99% used [0x00000000f4c80000,0x00000000f8af94c0,0x00000000f8b00000)
  to   space 75264K, 0% used [0x00000000f0300000,0x00000000f0300000,0x00000000f4c80000)
 ParOldGen       total 1048576K, used 69944K [0x00000000a0000000, 0x00000000e0000000, 0x00000000e0000000)
  object space 1048576K, 6% used [0x00000000a0000000,0x00000000a444e0f0,0x00000000e0000000)
 Metaspace       used 83719K, capacity 92630K, committed 98992K, reserved 1134592K
  class space    used 10764K, capacity 11662K, committed 12976K, reserved 1048576K
}

